Build started 28/03/2015 21:38:58.
     1>Project "C:\Users\artfl_000\Desktop\FinalProjectLidar\FinalProjectLidar\FinalProjectLidar.vcxproj" on node 2 (Build target(s)).
     1>ClCompile:
         C:\Program Files (x86)\Microsoft Visual Studio 12.0\VC\bin\CL.exe /c /I"C:\SFML\SFML-2.1\include" /Zi /nologo /W3 /WX- /sdl /O2 /Oi /Oy- /GL /D WIN32 /D NDEBUG /D _CONSOLE /D _LIB /D _UNICODE /D UNICODE /Gm- /EHsc /MD /GS /Gy /fp:precise /Zc:wchar_t /Zc:forScope /Fo"Release\\" /Fd"Release\vc120.pdb" /Gd /TP /analyze- /errorReport:prompt WindowManager.cpp
         WindowManager.cpp
     1>WindowManager.cpp(28): warning C4244: 'argument' : conversion from 'unsigned int' to 'float', possible loss of data
     1>WindowManager.cpp(47): warning C4244: 'argument' : conversion from 'double' to 'float', possible loss of data
     1>WindowManager.cpp(68): warning C4244: 'argument' : conversion from 'double' to 'float', possible loss of data
     1>WindowManager.cpp(195): warning C4018: '<' : signed/unsigned mismatch
       Link:
         C:\Program Files (x86)\Microsoft Visual Studio 12.0\VC\bin\link.exe /ERRORREPORT:PROMPT /OUT:"C:\Users\artfl_000\Desktop\FinalProjectLidar\Release\FinalProjectLidar.exe" /INCREMENTAL:NO /NOLOGO /LIBPATH:"C:\SFML\SFML-2.1\Libs\Release" "sfml-graphics.lib" "sfml-window.lib" "sfml-system.lib" opengl32.lib glu32.lib kernel32.lib user32.lib gdi32.lib winspool.lib comdlg32.lib advapi32.lib shell32.lib ole32.lib oleaut32.lib uuid.lib odbc32.lib odbccp32.lib /MANIFEST /MANIFESTUAC:"level='asInvoker' uiAccess='false'" /manifest:embed /DEBUG /PDB:"C:\Users\artfl_000\Desktop\FinalProjectLidar\Release\FinalProjectLidar.pdb" /SUBSYSTEM:CONSOLE /OPT:REF /OPT:ICF /LTCG /TLBID:1 /DYNAMICBASE /NXCOMPAT /IMPLIB:"C:\Users\artfl_000\Desktop\FinalProjectLidar\Release\FinalProjectLidar.lib" /MACHINE:X86 /SAFESEH Release\Camera.obj
         Release\Cube.obj
         Release\GUI.obj
         Release\GUIButton.obj
         Release\GUIElement.obj
         Release\GUIFrame.obj
         Release\GUIRect.obj
         Release\InputManager.obj
         Release\Menu.obj
         Release\Serial.obj
         Release\WindowManager.obj
         Release\Main.obj
         Generating code
     1>c:\users\artfl_000\desktop\finalprojectlidar\finalprojectlidar\inputmanager.cpp(355): warning C4715: 'InputManager::parseSerial' : not all control paths return a value
         Finished generating code
         FinalProjectLidar.vcxproj -> C:\Users\artfl_000\Desktop\FinalProjectLidar\Release\FinalProjectLidar.exe
     1>Done Building Project "C:\Users\artfl_000\Desktop\FinalProjectLidar\FinalProjectLidar\FinalProjectLidar.vcxproj" (Build target(s)).

Build succeeded.

Time Elapsed 00:00:02.49
